<?xml version="1.0" encoding="UTF-8"?>
<!-- Generated by org.testng.reporters.JUnitReportReporter -->
<testsuite hostname="Vaibhav" failures="0" tests="1" name="testCases.TC002_LoginTest" time="1.758" errors="0" timestamp="2025-05-30T18:03:51 IST" skipped="0">
  <testcase classname="testCases.TC002_LoginTest" name="verifyLogin" time="1.758"/>
</testsuite> <!-- testCases.TC002_LoginTest -->
