<?xml version="1.0" encoding="UTF-8"?>
<!-- Generated by org.testng.reporters.JUnitReportReporter -->
<testsuite hostname="Vaibhav" failures="0" tests="1" name="testCases.TC001_AccountRegistrationTest" time="4.308" errors="0" timestamp="2025-05-30T18:03:51 IST" skipped="0">
  <testcase classname="testCases.TC001_AccountRegistrationTest" name="verify_account_registration" time="4.308"/>
</testsuite> <!-- testCases.TC001_AccountRegistrationTest -->
