<?xml version="1.0" encoding="UTF-8"?>
<!-- Generated by org.testng.reporters.JUnitReportReporter -->
<testsuite hostname="Vaibhav" failures="0" tests="1" name="testCases.TC002_LoginTest" time="1.135" errors="0" timestamp="2025-05-31T11:15:43 IST" skipped="0">
  <testcase classname="testCases.TC002_LoginTest" name="verifyLogin" time="1.135"/>
</testsuite> <!-- testCases.TC002_LoginTest -->
